<?xml version="1.0" encoding="utf-8"?><testsuites name="pytest tests"><testsuite name="pytest" errors="0" failures="1" skipped="0" tests="9" time="2.585" timestamp="2026-05-15T05:24:13.474044+00:00" hostname="agent-env-12f2a0d8-a65d-4cd9-a346-a1fb38793a2e"><testcase classname="backend.tests.test_iteration4.TestReadiness" name="test_readiness_shape" time="0.587" /><testcase classname="backend.tests.test_iteration4.TestReadiness" name="test_readiness_each_check_has_required_fields" time="0.062" /><testcase classname="backend.tests.test_iteration4.TestReadiness" name="test_readiness_demo_user_not_ready" time="0.049" /><testcase classname="backend.tests.test_iteration4.TestOrdersShape" name="test_orders_returns_list" time="0.060" /><testcase classname="backend.tests.test_iteration4.TestOrdersShape" name="test_paper_orders_may_have_filled_pending_keys" time="0.134" /><testcase classname="backend.tests.test_iteration4.TestDailyLossGuard" name="test_guard_blocks_when_realised_loss_exceeds_max" time="0.216" /><testcase classname="backend.tests.test_iteration4.TestRealisedPnlOnClose" name="test_paper_buy_then_sell_writes_realised_pnl_on_sell" time="1.147"><failure message="AssertionError: closing SELL order missing realised_pnl field — keys: ['id', 'symbol', 'side', 'qty', 'order_type', 'price', 'product', 'status', 'mode', 'broker_order_id', 'source', 'created_at']&#10;assert 'realised_pnl' in {'broker_order_id': None, 'created_at': '2026-05-15T05:24:15.794290+00:00', 'id': 'eb42e22c-5d8a-4746-b2e5-2b8ec15d2e37', 'mode': 'paper', ...}">E   AssertionError: closing SELL order missing realised_pnl field — keys: ['id', 'symbol', 'side', 'qty', 'order_type', 'price', 'product', 'status', 'mode', 'broker_order_id', 'source', 'created_at']
    assert 'realised_pnl' in {'broker_order_id': None, 'created_at': '2026-05-15T05:24:15.794290+00:00', 'id': 'eb42e22c-5d8a-4746-b2e5-2b8ec15d2e37', 'mode': 'paper', ...}</failure></testcase><testcase classname="backend.tests.test_iteration4.TestKiteHelper" name="test_kite_helper_functions_exist_with_correct_signatures" time="0.137" /><testcase classname="backend.tests.test_iteration4.TestPositions" name="test_positions_returns_list" time="0.052" /></testsuite></testsuites>