<?xml version="1.0" encoding="utf-8"?><testsuites name="pytest tests"><testsuite name="pytest" errors="0" failures="1" skipped="0" tests="16" time="7.864" timestamp="2026-05-14T20:59:49.036857+00:00" hostname="agent-env-12f2a0d8-a65d-4cd9-a346-a1fb38793a2e"><testcase classname="backend.tests.test_iteration2" name="test_profile_get_defaults" time="0.791" /><testcase classname="backend.tests.test_iteration2" name="test_profile_update" time="2.555" /><testcase classname="backend.tests.test_iteration2" name="test_profile_update_invalid_product" time="0.132" /><testcase classname="backend.tests.test_iteration2" name="test_change_password_wrong_current" time="0.356" /><testcase classname="backend.tests.test_iteration2" name="test_change_password_short" time="0.405" /><testcase classname="backend.tests.test_iteration2" name="test_zerodha_status_not_connected" time="0.307" /><testcase classname="backend.tests.test_iteration2" name="test_zerodha_login_url_requires_keys" time="0.282" /><testcase classname="backend.tests.test_iteration2" name="test_zerodha_login_url_with_keys" time="0.369"><failure message="AssertionError: assert 'kite.trade' in 'https://kite.zerodha.com/connect/login?api_key=fakekey1234&amp;v=3'">backend/tests/test_iteration2.py:109: in test_zerodha_login_url_with_keys
    assert "kite.trade" in url
E   AssertionError: assert 'kite.trade' in 'https://kite.zerodha.com/connect/login?api_key=fakekey1234&amp;v=3'</failure></testcase><testcase classname="backend.tests.test_iteration2" name="test_zerodha_exchange_bogus_token" time="0.552" /><testcase classname="backend.tests.test_iteration2" name="test_zerodha_disconnect" time="0.114" /><testcase classname="backend.tests.test_iteration2" name="test_watchlist_mock_when_not_connected" time="0.128" /><testcase classname="backend.tests.test_iteration2" name="test_order_paper_mode" time="0.364" /><testcase classname="backend.tests.test_iteration2" name="test_order_max_position_size_enforced" time="0.500" /><testcase classname="backend.tests.test_iteration2" name="test_order_live_without_zerodha_rejected" time="0.530" /><testcase classname="backend.tests.test_iteration2" name="test_positions_paper" time="0.123" /><testcase classname="backend.tests.test_iteration2" name="test_holdings_no_zerodha" time="0.259" /></testsuite></testsuites>