<?xml version="1.0" encoding="utf-8"?><testsuites name="pytest tests"><testsuite name="pytest" errors="0" failures="1" skipped="0" tests="6" time="62.186" timestamp="2026-05-15T04:15:54.953009+00:00" hostname="agent-env-12f2a0d8-a65d-4cd9-a346-a1fb38793a2e"><testcase classname="backend.tests.test_iteration3.TestFunds" name="test_funds_paper_mode_shape" time="0.649" /><testcase classname="backend.tests.test_iteration3.TestStrategyTelemetry" name="test_strategies_have_telemetry_fields" time="0.167" /><testcase classname="backend.tests.test_iteration3.TestStrategyTelemetry" name="test_runner_increments_evaluations" time="60.825"><failure message="AssertionError: strategy runner did not increment evaluations in 60s (got 0)&#10;assert 0 &gt; 0">backend/tests/test_iteration3.py:106: in test_runner_increments_evaluations
    assert evals &gt; 0, f"strategy runner did not increment evaluations in 60s (got {evals})"
E   AssertionError: strategy runner did not increment evaluations in 60s (got 0)
E   assert 0 &gt; 0</failure></testcase><testcase classname="backend.tests.test_iteration3.TestOrdersShape" name="test_orders_include_mode_and_source" time="0.149" /><testcase classname="backend.tests.test_iteration3.TestExitPosition" name="test_exit_missing_symbol_returns_404" time="0.051" /><testcase classname="backend.tests.test_iteration3.TestExitPosition" name="test_exit_closes_existing_long" time="0.247" /></testsuite></testsuites>