<?xml version="1.0" encoding="utf-8"?><testsuites name="pytest tests"><testsuite name="pytest" errors="0" failures="0" skipped="0" tests="15" time="3.217" timestamp="2026-05-15T08:07:21.077609+00:00" hostname="agent-env-12f2a0d8-a65d-4cd9-a346-a1fb38793a2e"><testcase classname="backend.tests.test_iteration5.TestHealth" name="test_health" time="0.208" /><testcase classname="backend.tests.test_iteration5.TestHealth" name="test_login" time="0.357" /><testcase classname="backend.tests.test_iteration5.TestManualOrder" name="test_manual_buy" time="0.617" /><testcase classname="backend.tests.test_iteration5.TestManualOrder" name="test_manual_sell" time="0.115" /><testcase classname="backend.tests.test_iteration5.TestManualOrder" name="test_invalid_action" time="0.137" /><testcase classname="backend.tests.test_iteration5.TestManualOrder" name="test_unknown_strategy" time="0.101" /><testcase classname="backend.tests.test_iteration5.TestExitAll" name="test_exit_after_manual_orders" time="0.109" /><testcase classname="backend.tests.test_iteration5.TestExitAll" name="test_exit_empty_strategy" time="0.382" /><testcase classname="backend.tests.test_iteration5.TestExitAll" name="test_exit_unknown_strategy" time="0.153" /><testcase classname="backend.tests.test_iteration5.TestOptionsPreview" name="test_nifty" time="0.113" /><testcase classname="backend.tests.test_iteration5.TestOptionsPreview" name="test_banknifty" time="0.100" /><testcase classname="backend.tests.test_iteration5.TestOptionsPreview" name="test_sensex" time="0.100" /><testcase classname="backend.tests.test_iteration5.TestOptionsPreview" name="test_invalid_underlying" time="0.098" /><testcase classname="backend.tests.test_iteration5.TestOptionsStrategy" name="test_options_persisted" time="0.212" /><testcase classname="backend.tests.test_iteration5.TestOptionsStrategy" name="test_manual_order_options_no_kite" time="0.320" /></testsuite></testsuites>