<?xml version="1.0" encoding="utf-8"?><testsuites name="pytest tests"><testsuite name="pytest" errors="0" failures="0" skipped="0" tests="18" time="6.262" timestamp="2026-05-14T20:03:58.255453+00:00" hostname="agent-env-12f2a0d8-a65d-4cd9-a346-a1fb38793a2e"><testcase classname="backend.tests.backend_test" name="test_health" time="0.242" /><testcase classname="backend.tests.backend_test" name="test_auth_me" time="0.502" /><testcase classname="backend.tests.backend_test" name="test_login_invalid" time="0.223" /><testcase classname="backend.tests.backend_test" name="test_me_unauth" time="0.139" /><testcase classname="backend.tests.backend_test" name="test_broker_keys_crud" time="0.440" /><testcase classname="backend.tests.backend_test" name="test_watchlist" time="0.117" /><testcase classname="backend.tests.backend_test" name="test_quote" time="0.124" /><testcase classname="backend.tests.backend_test" name="test_quote_404" time="0.142" /><testcase classname="backend.tests.backend_test" name="test_create_visual" time="0.121" /><testcase classname="backend.tests.backend_test" name="test_list_strategies" time="0.284" /><testcase classname="backend.tests.backend_test" name="test_toggle_strategy" time="0.145" /><testcase classname="backend.tests.backend_test" name="test_update_strategy" time="0.134" /><testcase classname="backend.tests.backend_test" name="test_backtest_default" time="0.135" /><testcase classname="backend.tests.backend_test" name="test_backtest_inline_code" time="0.119" /><testcase classname="backend.tests.backend_test" name="test_place_order_and_position" time="0.380" /><testcase classname="backend.tests.backend_test" name="test_portfolio" time="0.118" /><testcase classname="backend.tests.backend_test" name="test_delete_strategy" time="0.133" /><testcase classname="backend.tests.backend_test" name="test_ai_chat" time="2.513" /></testsuite></testsuites>